  lab3.cpp
c:\users\senny\source\repos\lab3\lab3\pch.h : warning C4821: Не удается определить тип кодировки Юникод; сохраните файл с сигнатурой (BOM)
c:\users\senny\source\repos\lab3\lab3\pch.h : warning C4821: Не удается определить тип кодировки Юникод; сохраните файл с сигнатурой (BOM)
c:\users\senny\source\repos\lab3\lab3\pch.h : warning C4821: Не удается определить тип кодировки Юникод; сохраните файл с сигнатурой (BOM)
c:\users\senny\source\repos\lab3\lab3\lab3.cpp(76): warning C4267: инициализация: преобразование из "size_t" в "int"; возможна потеря данных
c:\users\senny\source\repos\lab3\lab3\map.h(259): warning C4553: "==": результат выражения не используется; вы хотели использовать "="?
  c:\users\senny\source\repos\lab3\lab3\map.h(250): note: при компиляции функции-члена "<Нет данных>" класса класс <Нет данных>
  c:\users\senny\source\repos\lab3\lab3\lab3.cpp(41): note: выполняется компиляция ссылки на экземпляр шаблон функции "void map<std::string>::insert(char,T)"
          with
          [
              T=std::string
          ]
  c:\users\senny\source\repos\lab3\lab3\lab3.cpp(38): note: выполняется компиляция ссылки на экземпляр шаблон класс "map<std::string>"
c:\users\senny\source\repos\lab3\lab3\map.h(565): warning C4101: child: неиспользованная локальная переменная
  c:\users\senny\source\repos\lab3\lab3\map.h(563): note: при компиляции функции-члена "<Нет данных>" класса класс <Нет данных>
  c:\users\senny\source\repos\lab3\lab3\map.h(533): note: выполняется компиляция ссылки на экземпляр шаблон функции "void map<std::string>::remove(char)"
  c:\users\senny\source\repos\lab3\lab3\map.h(175): note: при компиляции функции-члена "<Нет данных>" класса класс <Нет данных>
  c:\users\senny\source\repos\lab3\lab3\map.h(317): note: выполняется компиляция ссылки на экземпляр шаблон функции "void map<std::string>::insert_case_cur_is_root(map<std::string>::node *)"
  c:\users\senny\source\repos\lab3\lab3\map.h(162): note: при компиляции функции-члена "<Нет данных>" класса класс <Нет данных>
  c:\users\senny\source\repos\lab3\lab3\lab3.cpp(38): note: выполняется компиляция ссылки на экземпляр шаблон функции "map<std::string>::map(void)"
c:\users\senny\source\repos\lab3\lab3\map.h(365): warning C4101: ex: неиспользованная локальная переменная
  c:\users\senny\source\repos\lab3\lab3\map.h(358): note: при компиляции функции-члена "<Нет данных>" класса класс <Нет данных>
  c:\users\senny\source\repos\lab3\lab3\map.h(568): note: выполняется компиляция ссылки на экземпляр шаблон функции "bool map<std::string>::contains(char)"
  c:\users\senny\source\repos\lab3\lab3\map.h(184): note: при компиляции функции-члена "<Нет данных>" класса класс <Нет данных>
  c:\users\senny\source\repos\lab3\lab3\map.h(179): note: выполняется компиляция ссылки на экземпляр шаблон функции "void map<std::string>::insert_case_prev_is_black(map<std::string>::node *)"
  lab3.vcxproj -> C:\Users\senny\source\repos\lab3\x64\Debug\lab3.exe
